[debug] [2024-12-07T15:57:55.954Z] ----------------------------------------------------------------------
[debug] [2024-12-07T15:57:55.958Z] Command:       C:\Program Files\nodejs\node.exe C:\Program Files\nodejs\node_modules\firebase-tools\lib\bin\firebase.js emulators:start
[debug] [2024-12-07T15:57:55.958Z] CLI Version:   13.28.0
[debug] [2024-12-07T15:57:55.959Z] Platform:      win32
[debug] [2024-12-07T15:57:55.959Z] Node Version:  v18.18.2
[debug] [2024-12-07T15:57:55.961Z] Time:          Sat Dec 07 2024 23:57:55 GMT+0800 (Philippine Standard Time)
[debug] [2024-12-07T15:57:55.961Z] ----------------------------------------------------------------------
[debug] 
[debug] [2024-12-07T15:57:56.166Z] > command requires scopes: ["email","openid","https://www.googleapis.com/auth/cloudplatformprojects.readonly","https://www.googleapis.com/auth/firebase","https://www.googleapis.com/auth/cloud-platform"]
[debug] [2024-12-07T15:57:56.167Z] > authorizing via signed-in user (tpoei.00x1f@gmail.com)
[debug] [2024-12-07T15:57:56.284Z] openjdk version "23.0.1" 2024-10-15

[debug] [2024-12-07T15:57:56.286Z] OpenJDK Runtime Environment (build 23.0.1+11-39)
OpenJDK 64-Bit Server VM (build 23.0.1+11-39, mixed mode, sharing)

[debug] [2024-12-07T15:57:56.342Z] Parsed Java major version: 23
[info] i  emulators: Starting emulators: auth, firestore {"metadata":{"emulator":{"name":"hub"},"message":"Starting emulators: auth, firestore"}}
[debug] [2024-12-07T15:57:56.369Z] [logging] Logging Emulator only supports listening on one address (127.0.0.1). Not listening on ::1
[debug] [2024-12-07T15:57:56.369Z] [auth] Authentication Emulator only supports listening on one address (127.0.0.1). Not listening on ::1
[debug] [2024-12-07T15:57:56.369Z] [firestore] Firestore Emulator only supports listening on one address (127.0.0.1). Not listening on ::1
[debug] [2024-12-07T15:57:56.369Z] [firestore.websocket] websocket server for firestore only supports listening on one address (127.0.0.1). Not listening on ::1
[debug] [2024-12-07T15:57:56.370Z] assigned listening specs for emulators {"user":{"hub":[{"address":"127.0.0.1","family":"IPv4","port":4400},{"address":"::1","family":"IPv6","port":4400}],"ui":[{"address":"127.0.0.1","family":"IPv4","port":4000},{"address":"::1","family":"IPv6","port":4000}],"logging":[{"address":"127.0.0.1","family":"IPv4","port":4500}],"auth":[{"address":"127.0.0.1","family":"IPv4","port":9099}],"firestore":[{"address":"127.0.0.1","family":"IPv4","port":8080}],"firestore.websocket":[{"address":"127.0.0.1","family":"IPv4","port":9150}]},"metadata":{"message":"assigned listening specs for emulators"}}
[debug] [2024-12-07T15:57:56.380Z] [hub] writing locator at C:\Users\abathur\AppData\Local\Temp\hub-demos-12358.json
[warn] !  firestore: Cloud Firestore Emulator does not support multiple databases yet. {"metadata":{"emulator":{"name":"firestore"},"message":"Cloud Firestore Emulator does not support multiple databases yet."}}
[warn] !  firestore: Did not find a Cloud Firestore rules file specified in a firebase.json config file. {"metadata":{"emulator":{"name":"firestore"},"message":"Did not find a Cloud Firestore rules file specified in a firebase.json config file."}}
[warn] !  firestore: The emulator will default to allowing all reads and writes. Learn more about this option: https://firebase.google.com/docs/emulator-suite/install_and_configure#security_rules_configuration. {"metadata":{"emulator":{"name":"firestore"},"message":"The emulator will default to allowing all reads and writes. Learn more about this option: https://firebase.google.com/docs/emulator-suite/install_and_configure#security_rules_configuration."}}
[debug] [2024-12-07T15:57:56.402Z] Ignoring unsupported arg: auto_download {"metadata":{"emulator":{"name":"firestore"},"message":"Ignoring unsupported arg: auto_download"}}
[debug] [2024-12-07T15:57:56.402Z] Ignoring unsupported arg: single_project_mode_error {"metadata":{"emulator":{"name":"firestore"},"message":"Ignoring unsupported arg: single_project_mode_error"}}
[debug] [2024-12-07T15:57:56.403Z] Starting Firestore Emulator with command {"binary":"java","args":["-Dgoogle.cloud_firestore.debug_log_level=FINE","-Duser.language=en","-jar","C:\\Users\\abathur\\.cache\\firebase\\emulators\\cloud-firestore-emulator-v1.19.8.jar","--host","127.0.0.1","--port",8080,"--websocket_port",9150,"--project_id","demos-12358","--single_project_mode",true],"optionalArgs":["port","webchannel_port","host","rules","websocket_port","functions_emulator","seed_from_export","project_id","single_project_mode"],"joinArgs":false,"shell":false,"port":8080} {"metadata":{"emulator":{"name":"firestore"},"message":"Starting Firestore Emulator with command {\"binary\":\"java\",\"args\":[\"-Dgoogle.cloud_firestore.debug_log_level=FINE\",\"-Duser.language=en\",\"-jar\",\"C:\\\\Users\\\\abathur\\\\.cache\\\\firebase\\\\emulators\\\\cloud-firestore-emulator-v1.19.8.jar\",\"--host\",\"127.0.0.1\",\"--port\",8080,\"--websocket_port\",9150,\"--project_id\",\"demos-12358\",\"--single_project_mode\",true],\"optionalArgs\":[\"port\",\"webchannel_port\",\"host\",\"rules\",\"websocket_port\",\"functions_emulator\",\"seed_from_export\",\"project_id\",\"single_project_mode\"],\"joinArgs\":false,\"shell\":false,\"port\":8080}"}}
[info] i  firestore: Firestore Emulator logging to firestore-debug.log {"metadata":{"emulator":{"name":"firestore"},"message":"Firestore Emulator logging to \u001b[1mfirestore-debug.log\u001b[22m"}}
[debug] [2024-12-07T15:57:59.059Z] Dec 07, 2024 11:57:58 PM com.google.cloud.datastore.emulator.firestore.websocket.WebSocketServer start
INFO: Started WebSocket server on ws://127.0.0.1:9150
 {"metadata":{"emulator":{"name":"firestore"},"message":"Dec 07, 2024 11:57:58 PM com.google.cloud.datastore.emulator.firestore.websocket.WebSocketServer start\r\nINFO: Started WebSocket server on ws://127.0.0.1:9150\r\n"}}
[debug] [2024-12-07T15:57:59.152Z] API endpoint: http:// {"metadata":{"emulator":{"name":"firestore"},"message":"API endpoint: http://"}}
[debug] [2024-12-07T15:57:59.152Z] 127.0.0.1:8080
If you are using a library that supports the FIRESTORE_EMULATOR_HOST environment variable, run:

   export FIRESTORE_EMULATOR_HOST=127.0.0.1:8080

If you are running a Firestore in Datastore Mode project, run:

   export DATASTORE_EMULATOR_HOST=127.0.0.1:8080

Note: Support for Datastore Mode is in preview. If you encounter any bugs please file at https://github.com/firebase/firebase-tools/issues.
Dev App Server is now running.

 {"metadata":{"emulator":{"name":"firestore"},"message":"127.0.0.1:8080\nIf you are using a library that supports the FIRESTORE_EMULATOR_HOST environment variable, run:\r\n\n   export FIRESTORE_EMULATOR_HOST=127.0.0.1:8080\n\nIf you are running a Firestore in Datastore Mode project, run:\r\n\n   export DATASTORE_EMULATOR_HOST=127.0.0.1:8080\n\nNote: Support for Datastore Mode is in preview. If you encounter any bugs please file at https://github.com/firebase/firebase-tools/issues.\r\nDev App Server is now running.\n\r\n"}}
[info] +  firestore: Firestore Emulator UI websocket is running on 9150. {"metadata":{"emulator":{"name":"firestore"},"message":"Firestore Emulator UI websocket is running on 9150."}}
[info] i  ui: downloading ui-v1.14.0.zip... {"metadata":{"emulator":{"name":"ui"},"message":"downloading ui-v1.14.0.zip..."}}
[debug] [2024-12-07T15:58:10.394Z] >>> [apiv2][query] GET https://storage.googleapis.com/firebase-preview-drop/emulator/ui-v1.14.0.zip 
[debug] [2024-12-07T15:58:11.840Z] <<< [apiv2][status] GET https://storage.googleapis.com/firebase-preview-drop/emulator/ui-v1.14.0.zip 200
[debug] [2024-12-07T15:58:11.840Z] <<< [apiv2][body] GET https://storage.googleapis.com/firebase-preview-drop/emulator/ui-v1.14.0.zip [stream]
[debug] [2024-12-07T15:58:12.474Z] Data is 3615311
[debug] [2024-12-07T15:58:12.475Z] [unzip] Entry: client/ (compressed_size=0 bytes, uncompressed_size=0 bytes)
[debug] [2024-12-07T15:58:12.475Z] [unzip] Processing entry: client\
[debug] [2024-12-07T15:58:12.475Z] [unzip] mkdir: C:\Users\abathur\.cache\firebase\emulators\ui-v1.14.0\client\
[debug] [2024-12-07T15:58:12.478Z] [unzip] Entry: client/favicon-16x16.png (compressed_size=293 bytes, uncompressed_size=293 bytes)
[debug] [2024-12-07T15:58:12.478Z] [unzip] Processing entry: client\favicon-16x16.png
[debug] [2024-12-07T15:58:12.479Z] [unzip] else mkdir: C:\Users\abathur\.cache\firebase\emulators\ui-v1.14.0\client
[debug] [2024-12-07T15:58:12.479Z] [unzip] Writing file: C:\Users\abathur\.cache\firebase\emulators\ui-v1.14.0\client\favicon-16x16.png
[debug] [2024-12-07T15:58:12.480Z] [unzip] Entry: client/safari-pinned-tab.svg (compressed_size=1433 bytes, uncompressed_size=2611 bytes)
[debug] [2024-12-07T15:58:12.481Z] [unzip] Processing entry: client\safari-pinned-tab.svg
[debug] [2024-12-07T15:58:12.481Z] [unzip] else mkdir: C:\Users\abathur\.cache\firebase\emulators\ui-v1.14.0\client
[debug] [2024-12-07T15:58:12.481Z] [unzip] deflating: C:\Users\abathur\.cache\firebase\emulators\ui-v1.14.0\client\safari-pinned-tab.svg
[debug] [2024-12-07T15:58:12.488Z] [unzip] Entry: client/favicon.ico (compressed_size=2933 bytes, uncompressed_size=13294 bytes)
[debug] [2024-12-07T15:58:12.488Z] [unzip] Processing entry: client\favicon.ico
[debug] [2024-12-07T15:58:12.488Z] [unzip] else mkdir: C:\Users\abathur\.cache\firebase\emulators\ui-v1.14.0\client
[debug] [2024-12-07T15:58:12.488Z] [unzip] deflating: C:\Users\abathur\.cache\firebase\emulators\ui-v1.14.0\client\favicon.ico
[debug] [2024-12-07T15:58:12.490Z] [unzip] Entry: client/index.html (compressed_size=1363 bytes, uncompressed_size=3071 bytes)
[debug] [2024-12-07T15:58:12.491Z] [unzip] Processing entry: client\index.html
[debug] [2024-12-07T15:58:12.491Z] [unzip] else mkdir: C:\Users\abathur\.cache\firebase\emulators\ui-v1.14.0\client
[debug] [2024-12-07T15:58:12.491Z] [unzip] deflating: C:\Users\abathur\.cache\firebase\emulators\ui-v1.14.0\client\index.html
[debug] [2024-12-07T15:58:12.493Z] [unzip] Entry: client/android-chrome-192x192.png (compressed_size=2684 bytes, uncompressed_size=2684 bytes)
[debug] [2024-12-07T15:58:12.494Z] [unzip] Processing entry: client\android-chrome-192x192.png
[debug] [2024-12-07T15:58:12.494Z] [unzip] else mkdir: C:\Users\abathur\.cache\firebase\emulators\ui-v1.14.0\client
[debug] [2024-12-07T15:58:12.494Z] [unzip] Writing file: C:\Users\abathur\.cache\firebase\emulators\ui-v1.14.0\client\android-chrome-192x192.png
[debug] [2024-12-07T15:58:12.495Z] [unzip] Entry: client/apple-touch-icon.png (compressed_size=2123 bytes, uncompressed_size=2152 bytes)
[debug] [2024-12-07T15:58:12.495Z] [unzip] Processing entry: client\apple-touch-icon.png
[debug] [2024-12-07T15:58:12.495Z] [unzip] else mkdir: C:\Users\abathur\.cache\firebase\emulators\ui-v1.14.0\client
[debug] [2024-12-07T15:58:12.496Z] [unzip] deflating: C:\Users\abathur\.cache\firebase\emulators\ui-v1.14.0\client\apple-touch-icon.png
[debug] [2024-12-07T15:58:12.497Z] [unzip] Entry: client/android-chrome-512x512.png (compressed_size=5369 bytes, uncompressed_size=5411 bytes)
[debug] [2024-12-07T15:58:12.497Z] [unzip] Processing entry: client\android-chrome-512x512.png
[debug] [2024-12-07T15:58:12.497Z] [unzip] else mkdir: C:\Users\abathur\.cache\firebase\emulators\ui-v1.14.0\client
[debug] [2024-12-07T15:58:12.498Z] [unzip] deflating: C:\Users\abathur\.cache\firebase\emulators\ui-v1.14.0\client\android-chrome-512x512.png
[debug] [2024-12-07T15:58:12.499Z] [unzip] Entry: client/manifest.json (compressed_size=245 bytes, uncompressed_size=551 bytes)
[debug] [2024-12-07T15:58:12.499Z] [unzip] Processing entry: client\manifest.json
[debug] [2024-12-07T15:58:12.499Z] [unzip] else mkdir: C:\Users\abathur\.cache\firebase\emulators\ui-v1.14.0\client
[debug] [2024-12-07T15:58:12.500Z] [unzip] deflating: C:\Users\abathur\.cache\firebase\emulators\ui-v1.14.0\client\manifest.json
[debug] [2024-12-07T15:58:12.502Z] [unzip] Entry: client/robots.txt (compressed_size=26 bytes, uncompressed_size=26 bytes)
[debug] [2024-12-07T15:58:12.502Z] [unzip] Processing entry: client\robots.txt
[debug] [2024-12-07T15:58:12.502Z] [unzip] else mkdir: C:\Users\abathur\.cache\firebase\emulators\ui-v1.14.0\client
[debug] [2024-12-07T15:58:12.503Z] [unzip] Writing file: C:\Users\abathur\.cache\firebase\emulators\ui-v1.14.0\client\robots.txt
[debug] [2024-12-07T15:58:12.504Z] [unzip] Entry: client/mstile-150x150.png (compressed_size=2034 bytes, uncompressed_size=2034 bytes)
[debug] [2024-12-07T15:58:12.504Z] [unzip] Processing entry: client\mstile-150x150.png
[debug] [2024-12-07T15:58:12.504Z] [unzip] else mkdir: C:\Users\abathur\.cache\firebase\emulators\ui-v1.14.0\client
[debug] [2024-12-07T15:58:12.505Z] [unzip] Writing file: C:\Users\abathur\.cache\firebase\emulators\ui-v1.14.0\client\mstile-150x150.png
[debug] [2024-12-07T15:58:12.506Z] [unzip] Entry: client/assets/ (compressed_size=0 bytes, uncompressed_size=0 bytes)
[debug] [2024-12-07T15:58:12.506Z] [unzip] Processing entry: client\assets\
[debug] [2024-12-07T15:58:12.506Z] [unzip] mkdir: C:\Users\abathur\.cache\firebase\emulators\ui-v1.14.0\client\assets\
[debug] [2024-12-07T15:58:12.506Z] [unzip] Entry: client/assets/index-ClZTY_JS.js.map (compressed_size=2328270 bytes, uncompressed_size=9947004 bytes)
[debug] [2024-12-07T15:58:12.506Z] [unzip] Processing entry: client\assets\index-ClZTY_JS.js.map
[debug] [2024-12-07T15:58:12.506Z] [unzip] else mkdir: C:\Users\abathur\.cache\firebase\emulators\ui-v1.14.0\client\assets
[debug] [2024-12-07T15:58:12.507Z] [unzip] deflating: C:\Users\abathur\.cache\firebase\emulators\ui-v1.14.0\client\assets\index-ClZTY_JS.js.map
[debug] [2024-12-07T15:58:12.598Z] [unzip] Entry: client/assets/index-ClZTY_JS.js (compressed_size=567195 bytes, uncompressed_size=2035940 bytes)
[debug] [2024-12-07T15:58:12.598Z] [unzip] Processing entry: client\assets\index-ClZTY_JS.js
[debug] [2024-12-07T15:58:12.598Z] [unzip] else mkdir: C:\Users\abathur\.cache\firebase\emulators\ui-v1.14.0\client\assets
[debug] [2024-12-07T15:58:12.599Z] [unzip] deflating: C:\Users\abathur\.cache\firebase\emulators\ui-v1.14.0\client\assets\index-ClZTY_JS.js
[debug] [2024-12-07T15:58:12.619Z] [unzip] Entry: client/assets/index-BdgySamB.css (compressed_size=35979 bytes, uncompressed_size=298654 bytes)
[debug] [2024-12-07T15:58:12.619Z] [unzip] Processing entry: client\assets\index-BdgySamB.css
[debug] [2024-12-07T15:58:12.620Z] [unzip] else mkdir: C:\Users\abathur\.cache\firebase\emulators\ui-v1.14.0\client\assets
[debug] [2024-12-07T15:58:12.620Z] [unzip] deflating: C:\Users\abathur\.cache\firebase\emulators\ui-v1.14.0\client\assets\index-BdgySamB.css
[debug] [2024-12-07T15:58:12.626Z] [unzip] Entry: client/assets/extensions/ (compressed_size=0 bytes, uncompressed_size=0 bytes)
[debug] [2024-12-07T15:58:12.626Z] [unzip] Processing entry: client\assets\extensions\
[debug] [2024-12-07T15:58:12.626Z] [unzip] mkdir: C:\Users\abathur\.cache\firebase\emulators\ui-v1.14.0\client\assets\extensions\
[debug] [2024-12-07T15:58:12.627Z] [unzip] Entry: client/assets/extensions/default-extension.png (compressed_size=1646 bytes, uncompressed_size=1657 bytes)
[debug] [2024-12-07T15:58:12.627Z] [unzip] Processing entry: client\assets\extensions\default-extension.png
[debug] [2024-12-07T15:58:12.627Z] [unzip] else mkdir: C:\Users\abathur\.cache\firebase\emulators\ui-v1.14.0\client\assets\extensions
[debug] [2024-12-07T15:58:12.628Z] [unzip] deflating: C:\Users\abathur\.cache\firebase\emulators\ui-v1.14.0\client\assets\extensions\default-extension.png
[debug] [2024-12-07T15:58:12.629Z] [unzip] Entry: client/assets/img/ (compressed_size=0 bytes, uncompressed_size=0 bytes)
[debug] [2024-12-07T15:58:12.629Z] [unzip] Processing entry: client\assets\img\
[debug] [2024-12-07T15:58:12.629Z] [unzip] mkdir: C:\Users\abathur\.cache\firebase\emulators\ui-v1.14.0\client\assets\img\
[debug] [2024-12-07T15:58:12.630Z] [unzip] Entry: client/assets/img/database.png (compressed_size=29449 bytes, uncompressed_size=29988 bytes)
[debug] [2024-12-07T15:58:12.630Z] [unzip] Processing entry: client\assets\img\database.png
[debug] [2024-12-07T15:58:12.630Z] [unzip] else mkdir: C:\Users\abathur\.cache\firebase\emulators\ui-v1.14.0\client\assets\img
[debug] [2024-12-07T15:58:12.630Z] [unzip] deflating: C:\Users\abathur\.cache\firebase\emulators\ui-v1.14.0\client\assets\img\database.png
[debug] [2024-12-07T15:58:12.632Z] [unzip] Entry: client/assets/provider-icons/ (compressed_size=0 bytes, uncompressed_size=0 bytes)
[debug] [2024-12-07T15:58:12.632Z] [unzip] Processing entry: client\assets\provider-icons\
[debug] [2024-12-07T15:58:12.632Z] [unzip] mkdir: C:\Users\abathur\.cache\firebase\emulators\ui-v1.14.0\client\assets\provider-icons\
[debug] [2024-12-07T15:58:12.632Z] [unzip] Entry: client/assets/provider-icons/auth_service_saml.svg (compressed_size=575 bytes, uncompressed_size=1226 bytes)
[debug] [2024-12-07T15:58:12.633Z] [unzip] Processing entry: client\assets\provider-icons\auth_service_saml.svg
[debug] [2024-12-07T15:58:12.633Z] [unzip] else mkdir: C:\Users\abathur\.cache\firebase\emulators\ui-v1.14.0\client\assets\provider-icons
[debug] [2024-12-07T15:58:12.633Z] [unzip] deflating: C:\Users\abathur\.cache\firebase\emulators\ui-v1.14.0\client\assets\provider-icons\auth_service_saml.svg
[debug] [2024-12-07T15:58:12.635Z] [unzip] Entry: client/assets/provider-icons/auth_service_phone.svg (compressed_size=261 bytes, uncompressed_size=414 bytes)
[debug] [2024-12-07T15:58:12.635Z] [unzip] Processing entry: client\assets\provider-icons\auth_service_phone.svg
[debug] [2024-12-07T15:58:12.635Z] [unzip] else mkdir: C:\Users\abathur\.cache\firebase\emulators\ui-v1.14.0\client\assets\provider-icons
[debug] [2024-12-07T15:58:12.635Z] [unzip] deflating: C:\Users\abathur\.cache\firebase\emulators\ui-v1.14.0\client\assets\provider-icons\auth_service_phone.svg
[debug] [2024-12-07T15:58:12.636Z] [unzip] Entry: client/assets/provider-icons/auth_service_facebook.svg (compressed_size=289 bytes, uncompressed_size=457 bytes)
[debug] [2024-12-07T15:58:12.637Z] [unzip] Processing entry: client\assets\provider-icons\auth_service_facebook.svg
[debug] [2024-12-07T15:58:12.637Z] [unzip] else mkdir: C:\Users\abathur\.cache\firebase\emulators\ui-v1.14.0\client\assets\provider-icons
[debug] [2024-12-07T15:58:12.637Z] [unzip] deflating: C:\Users\abathur\.cache\firebase\emulators\ui-v1.14.0\client\assets\provider-icons\auth_service_facebook.svg
[debug] [2024-12-07T15:58:12.638Z] [unzip] Entry: client/assets/provider-icons/auth_service_game_center.svg (compressed_size=991 bytes, uncompressed_size=3921 bytes)
[debug] [2024-12-07T15:58:12.639Z] [unzip] Processing entry: client\assets\provider-icons\auth_service_game_center.svg
[debug] [2024-12-07T15:58:12.639Z] [unzip] else mkdir: C:\Users\abathur\.cache\firebase\emulators\ui-v1.14.0\client\assets\provider-icons
[debug] [2024-12-07T15:58:12.639Z] [unzip] deflating: C:\Users\abathur\.cache\firebase\emulators\ui-v1.14.0\client\assets\provider-icons\auth_service_game_center.svg
[debug] [2024-12-07T15:58:12.640Z] [unzip] Entry: client/assets/provider-icons/auth_service_apple.svg (compressed_size=230 bytes, uncompressed_size=334 bytes)
[debug] [2024-12-07T15:58:12.640Z] [unzip] Processing entry: client\assets\provider-icons\auth_service_apple.svg
[debug] [2024-12-07T15:58:12.640Z] [unzip] else mkdir: C:\Users\abathur\.cache\firebase\emulators\ui-v1.14.0\client\assets\provider-icons
[debug] [2024-12-07T15:58:12.641Z] [unzip] deflating: C:\Users\abathur\.cache\firebase\emulators\ui-v1.14.0\client\assets\provider-icons\auth_service_apple.svg
[debug] [2024-12-07T15:58:12.642Z] [unzip] Entry: client/assets/provider-icons/auth_service_github.svg (compressed_size=466 bytes, uncompressed_size=838 bytes)
[debug] [2024-12-07T15:58:12.642Z] [unzip] Processing entry: client\assets\provider-icons\auth_service_github.svg
[debug] [2024-12-07T15:58:12.642Z] [unzip] else mkdir: C:\Users\abathur\.cache\firebase\emulators\ui-v1.14.0\client\assets\provider-icons
[debug] [2024-12-07T15:58:12.643Z] [unzip] deflating: C:\Users\abathur\.cache\firebase\emulators\ui-v1.14.0\client\assets\provider-icons\auth_service_github.svg
[debug] [2024-12-07T15:58:12.644Z] [unzip] Entry: client/assets/provider-icons/auth_service_mslive.svg (compressed_size=203 bytes, uncompressed_size=378 bytes)
[debug] [2024-12-07T15:58:12.644Z] [unzip] Processing entry: client\assets\provider-icons\auth_service_mslive.svg
[debug] [2024-12-07T15:58:12.644Z] [unzip] else mkdir: C:\Users\abathur\.cache\firebase\emulators\ui-v1.14.0\client\assets\provider-icons
[debug] [2024-12-07T15:58:12.645Z] [unzip] deflating: C:\Users\abathur\.cache\firebase\emulators\ui-v1.14.0\client\assets\provider-icons\auth_service_mslive.svg
[debug] [2024-12-07T15:58:12.646Z] [unzip] Entry: client/assets/provider-icons/auth_service_yahoo.svg (compressed_size=577 bytes, uncompressed_size=1182 bytes)
[debug] [2024-12-07T15:58:12.646Z] [unzip] Processing entry: client\assets\provider-icons\auth_service_yahoo.svg
[debug] [2024-12-07T15:58:12.646Z] [unzip] else mkdir: C:\Users\abathur\.cache\firebase\emulators\ui-v1.14.0\client\assets\provider-icons
[debug] [2024-12-07T15:58:12.647Z] [unzip] deflating: C:\Users\abathur\.cache\firebase\emulators\ui-v1.14.0\client\assets\provider-icons\auth_service_yahoo.svg
[debug] [2024-12-07T15:58:12.648Z] [unzip] Entry: client/assets/provider-icons/auth_service_twitter.svg (compressed_size=444 bytes, uncompressed_size=751 bytes)
[debug] [2024-12-07T15:58:12.648Z] [unzip] Processing entry: client\assets\provider-icons\auth_service_twitter.svg
[debug] [2024-12-07T15:58:12.648Z] [unzip] else mkdir: C:\Users\abathur\.cache\firebase\emulators\ui-v1.14.0\client\assets\provider-icons
[debug] [2024-12-07T15:58:12.648Z] [unzip] deflating: C:\Users\abathur\.cache\firebase\emulators\ui-v1.14.0\client\assets\provider-icons\auth_service_twitter.svg
[debug] [2024-12-07T15:58:12.649Z] [unzip] Entry: client/assets/provider-icons/auth_service_play_games.svg (compressed_size=565 bytes, uncompressed_size=1173 bytes)
[debug] [2024-12-07T15:58:12.650Z] [unzip] Processing entry: client\assets\provider-icons\auth_service_play_games.svg
[debug] [2024-12-07T15:58:12.650Z] [unzip] else mkdir: C:\Users\abathur\.cache\firebase\emulators\ui-v1.14.0\client\assets\provider-icons
[debug] [2024-12-07T15:58:12.650Z] [unzip] deflating: C:\Users\abathur\.cache\firebase\emulators\ui-v1.14.0\client\assets\provider-icons\auth_service_play_games.svg
[debug] [2024-12-07T15:58:12.651Z] [unzip] Entry: client/assets/provider-icons/auth_service_email.svg (compressed_size=228 bytes, uncompressed_size=326 bytes)
[debug] [2024-12-07T15:58:12.652Z] [unzip] Processing entry: client\assets\provider-icons\auth_service_email.svg
[debug] [2024-12-07T15:58:12.652Z] [unzip] else mkdir: C:\Users\abathur\.cache\firebase\emulators\ui-v1.14.0\client\assets\provider-icons
[debug] [2024-12-07T15:58:12.652Z] [unzip] deflating: C:\Users\abathur\.cache\firebase\emulators\ui-v1.14.0\client\assets\provider-icons\auth_service_email.svg
[debug] [2024-12-07T15:58:12.653Z] [unzip] Entry: client/assets/provider-icons/auth_service_google.svg (compressed_size=409 bytes, uncompressed_size=720 bytes)
[debug] [2024-12-07T15:58:12.653Z] [unzip] Processing entry: client\assets\provider-icons\auth_service_google.svg
[debug] [2024-12-07T15:58:12.653Z] [unzip] else mkdir: C:\Users\abathur\.cache\firebase\emulators\ui-v1.14.0\client\assets\provider-icons
[debug] [2024-12-07T15:58:12.654Z] [unzip] deflating: C:\Users\abathur\.cache\firebase\emulators\ui-v1.14.0\client\assets\provider-icons\auth_service_google.svg
[debug] [2024-12-07T15:58:12.655Z] [unzip] Entry: client/assets/provider-icons/auth_service_oidc.svg (compressed_size=414 bytes, uncompressed_size=858 bytes)
[debug] [2024-12-07T15:58:12.655Z] [unzip] Processing entry: client\assets\provider-icons\auth_service_oidc.svg
[debug] [2024-12-07T15:58:12.655Z] [unzip] else mkdir: C:\Users\abathur\.cache\firebase\emulators\ui-v1.14.0\client\assets\provider-icons
[debug] [2024-12-07T15:58:12.655Z] [unzip] deflating: C:\Users\abathur\.cache\firebase\emulators\ui-v1.14.0\client\assets\provider-icons\auth_service_oidc.svg
[debug] [2024-12-07T15:58:12.657Z] [unzip] Entry: client/browserconfig.xml (compressed_size=491 bytes, uncompressed_size=822 bytes)
[debug] [2024-12-07T15:58:12.657Z] [unzip] Processing entry: client\browserconfig.xml
[debug] [2024-12-07T15:58:12.657Z] [unzip] else mkdir: C:\Users\abathur\.cache\firebase\emulators\ui-v1.14.0\client
[debug] [2024-12-07T15:58:12.657Z] [unzip] deflating: C:\Users\abathur\.cache\firebase\emulators\ui-v1.14.0\client\browserconfig.xml
[debug] [2024-12-07T15:58:12.658Z] [unzip] Entry: client/favicon-32x32.png (compressed_size=475 bytes, uncompressed_size=475 bytes)
[debug] [2024-12-07T15:58:12.658Z] [unzip] Processing entry: client\favicon-32x32.png
[debug] [2024-12-07T15:58:12.659Z] [unzip] else mkdir: C:\Users\abathur\.cache\firebase\emulators\ui-v1.14.0\client
[debug] [2024-12-07T15:58:12.659Z] [unzip] Writing file: C:\Users\abathur\.cache\firebase\emulators\ui-v1.14.0\client\favicon-32x32.png
[debug] [2024-12-07T15:58:12.660Z] [unzip] Entry: server/ (compressed_size=0 bytes, uncompressed_size=0 bytes)
[debug] [2024-12-07T15:58:12.660Z] [unzip] Processing entry: server\
[debug] [2024-12-07T15:58:12.660Z] [unzip] mkdir: C:\Users\abathur\.cache\firebase\emulators\ui-v1.14.0\server\
[debug] [2024-12-07T15:58:12.661Z] [unzip] Entry: server/server.mjs.map (compressed_size=296496 bytes, uncompressed_size=1355667 bytes)
[debug] [2024-12-07T15:58:12.661Z] [unzip] Processing entry: server\server.mjs.map
[debug] [2024-12-07T15:58:12.661Z] [unzip] else mkdir: C:\Users\abathur\.cache\firebase\emulators\ui-v1.14.0\server
[debug] [2024-12-07T15:58:12.661Z] [unzip] deflating: C:\Users\abathur\.cache\firebase\emulators\ui-v1.14.0\server\server.mjs.map
[debug] [2024-12-07T15:58:12.675Z] [unzip] Entry: server/server.mjs (compressed_size=315701 bytes, uncompressed_size=1172682 bytes)
[debug] [2024-12-07T15:58:12.675Z] [unzip] Processing entry: server\server.mjs
[debug] [2024-12-07T15:58:12.676Z] [unzip] else mkdir: C:\Users\abathur\.cache\firebase\emulators\ui-v1.14.0\server
[debug] [2024-12-07T15:58:12.676Z] [unzip] deflating: C:\Users\abathur\.cache\firebase\emulators\ui-v1.14.0\server\server.mjs
[debug] [2024-12-07T15:58:12.688Z] [unzip] Entry: server/assets/ (compressed_size=0 bytes, uncompressed_size=0 bytes)
[debug] [2024-12-07T15:58:12.688Z] [unzip] Processing entry: server\assets\
[debug] [2024-12-07T15:58:12.688Z] [unzip] mkdir: C:\Users\abathur\.cache\firebase\emulators\ui-v1.14.0\server\assets\
[debug] [2024-12-07T15:58:12.688Z] [unzip] Entry: server/assets/multipart-parser-DGCUZdXu.mjs.map (compressed_size=4791 bytes, uncompressed_size=17918 bytes)
[debug] [2024-12-07T15:58:12.688Z] [unzip] Processing entry: server\assets\multipart-parser-DGCUZdXu.mjs.map
[debug] [2024-12-07T15:58:12.689Z] [unzip] else mkdir: C:\Users\abathur\.cache\firebase\emulators\ui-v1.14.0\server\assets
[debug] [2024-12-07T15:58:12.689Z] [unzip] deflating: C:\Users\abathur\.cache\firebase\emulators\ui-v1.14.0\server\assets\multipart-parser-DGCUZdXu.mjs.map
[debug] [2024-12-07T15:58:12.690Z] [unzip] Entry: server/assets/multipart-parser-DGCUZdXu.mjs (compressed_size=2621 bytes, uncompressed_size=10390 bytes)
[debug] [2024-12-07T15:58:12.690Z] [unzip] Processing entry: server\assets\multipart-parser-DGCUZdXu.mjs
[debug] [2024-12-07T15:58:12.690Z] [unzip] else mkdir: C:\Users\abathur\.cache\firebase\emulators\ui-v1.14.0\server\assets
[debug] [2024-12-07T15:58:12.691Z] [unzip] deflating: C:\Users\abathur\.cache\firebase\emulators\ui-v1.14.0\server\assets\multipart-parser-DGCUZdXu.mjs
[debug] [2024-12-07T15:58:12.705Z] Could not find VSCode notification endpoint: FetchError: request to http://localhost:40001/vscode/notify failed, reason: connect ECONNREFUSED ::1:40001. If you are not running the Firebase Data Connect VSCode extension, this is expected and not an issue.
[info] 
┌─────────────────────────────────────────────────────────────┐
│ ✔  All emulators ready! It is now safe to connect your app. │
│ i  View Emulator UI at http://127.0.0.1:4000/               │
└─────────────────────────────────────────────────────────────┘

┌────────────────┬────────────────┬─────────────────────────────────┐
│ Emulator       │ Host:Port      │ View in Emulator UI             │
├────────────────┼────────────────┼─────────────────────────────────┤
│ Authentication │ 127.0.0.1:9099 │ http://127.0.0.1:4000/auth      │
├────────────────┼────────────────┼─────────────────────────────────┤
│ Firestore      │ 127.0.0.1:8080 │ http://127.0.0.1:4000/firestore │
└────────────────┴────────────────┴─────────────────────────────────┘
  Emulator Hub running at 127.0.0.1:4400
  Other reserved ports: 4500, 9150

Issues? Report them at https://github.com/firebase/firebase-tools/issues and attach the *-debug.log files.
 
[debug] [2024-12-07T15:58:33.128Z] Dec 07, 2024 11:58:33 PM com.google.cloud.datastore.emulator.firestore.websocket.WebSocketChannelHandler initChannel
INFO: Connected to new websocket client
 {"metadata":{"emulator":{"name":"firestore"},"message":"Dec 07, 2024 11:58:33 PM com.google.cloud.datastore.emulator.firestore.websocket.WebSocketChannelHandler initChannel\r\nINFO: Connected to new websocket client\r\n"}}
[debug] [2024-12-07T19:47:33.580Z] Dec 08, 2024 3:47:33 AM com.google.cloud.datastore.emulator.firestore.websocket.WebSocketChannelHandler channelClosed
INFO: Websocket client disconnected
 {"metadata":{"emulator":{"name":"firestore"},"message":"Dec 08, 2024 3:47:33 AM com.google.cloud.datastore.emulator.firestore.websocket.WebSocketChannelHandler channelClosed\r\nINFO: Websocket client disconnected\r\n"}}
